[17:41:38] [IO-Worker-12/INFO] (Minecraft) System default audio device has changed!
[17:41:38] [Render thread/WARN] (Minecraft) Missing sound for event: minecraft:item.goat_horn.play
[17:41:38] [Render thread/WARN] (Minecraft) Missing sound for event: minecraft:entity.goat.screaming.horn_break
[17:41:40] [Render thread/INFO] (Minecraft) OpenAL initialized on device OpenAL Soft on Speakers (Razer USB Sound Card)
[17:41:40] [Render thread/INFO] (Minecraft) Sound engine started
[17:42:54] [Render thread/INFO] (BiomeModificationImpl) Applied 64 biome modifications to 64 of 64 new biomes in 69.58 ms
[17:42:54] [Server thread/INFO] (Minecraft) Starting integrated minecraft server version 1.20.1
[17:42:54] [Server thread/INFO] (Minecraft) Generating keypair
[17:43:01] [Server thread/INFO] (Minecraft) Preparing start region for dimension minecraft:overworld
[17:43:02] [Render thread/INFO] (Minecraft) Preparing spawn area: 0%
[17:43:02] [Render thread/INFO] (Minecraft) Preparing spawn area: 0%
[17:43:02] [Render thread/INFO] (Minecraft) Preparing spawn area: 0%
[17:43:02] [Render thread/INFO] (Minecraft) Preparing spawn area: 0%
[17:43:03] [Render thread/INFO] (Minecraft) Preparing spawn area: 0%
[17:43:03] [Render thread/INFO] (Minecraft) Preparing spawn area: 0%
[17:43:04] [Render thread/INFO] (Minecraft) Preparing spawn area: 1%
[17:43:04] [Render thread/INFO] (Minecraft) Preparing spawn area: 2%
[17:43:05] [Render thread/INFO] (Minecraft) Preparing spawn area: 3%
[17:43:05] [Render thread/INFO] (Minecraft) Preparing spawn area: 4%
[17:43:06] [Render thread/INFO] (Minecraft) Preparing spawn area: 5%
[17:43:06] [Render thread/INFO] (Minecraft) Preparing spawn area: 7%
[17:43:07] [Render thread/INFO] (Minecraft) Preparing spawn area: 9%
[17:43:07] [Render thread/INFO] (Minecraft) Preparing spawn area: 9%
[17:43:08] [Render thread/INFO] (Minecraft) Preparing spawn area: 12%
[17:43:08] [Render thread/INFO] (Minecraft) Preparing spawn area: 13%
[17:43:09] [Render thread/INFO] (Minecraft) Preparing spawn area: 15%
[17:43:09] [Render thread/INFO] (Minecraft) Preparing spawn area: 16%
[17:43:10] [Render thread/INFO] (Minecraft) Preparing spawn area: 17%
[17:43:10] [Render thread/INFO] (Minecraft) Preparing spawn area: 20%
[17:43:11] [Render thread/INFO] (Minecraft) Preparing spawn area: 22%
[17:43:11] [Render thread/INFO] (Minecraft) Preparing spawn area: 23%
[17:43:12] [Render thread/INFO] (Minecraft) Preparing spawn area: 25%
[17:43:12] [Render thread/INFO] (Minecraft) Preparing spawn area: 27%
[17:43:13] [Render thread/INFO] (Minecraft) Preparing spawn area: 29%
[17:43:14] [Render thread/INFO] (Minecraft) Preparing spawn area: 32%
[17:43:14] [Render thread/INFO] (Minecraft) Preparing spawn area: 32%
[17:43:14] [Render thread/INFO] (Minecraft) Preparing spawn area: 32%
[17:43:15] [Render thread/INFO] (Minecraft) Preparing spawn area: 33%
[17:43:15] [Render thread/INFO] (Minecraft) Preparing spawn area: 36%
[17:43:16] [Render thread/INFO] (Minecraft) Preparing spawn area: 38%
[17:43:16] [Render thread/INFO] (Minecraft) Preparing spawn area: 40%
[17:43:17] [Render thread/INFO] (Minecraft) Preparing spawn area: 42%
[17:43:17] [Render thread/INFO] (Minecraft) Preparing spawn area: 43%
[17:43:18] [Render thread/INFO] (Minecraft) Preparing spawn area: 45%
[17:43:18] [Render thread/INFO] (Minecraft) Preparing spawn area: 47%
[17:43:19] [Render thread/INFO] (Minecraft) Preparing spawn area: 49%
[17:43:19] [Render thread/INFO] (Minecraft) Preparing spawn area: 53%
[17:43:20] [Render thread/INFO] (Minecraft) Preparing spawn area: 55%
[17:43:20] [Render thread/INFO] (Minecraft) Preparing spawn area: 56%
[17:43:21] [Render thread/INFO] (Minecraft) Preparing spawn area: 59%
[17:43:21] [Render thread/INFO] (Minecraft) Preparing spawn area: 61%
[17:43:22] [Render thread/INFO] (Minecraft) Preparing spawn area: 65%
[17:43:22] [Render thread/INFO] (Minecraft) Preparing spawn area: 67%
[17:43:23] [Render thread/INFO] (Minecraft) Preparing spawn area: 68%
[17:43:23] [Render thread/INFO] (Minecraft) Preparing spawn area: 72%
[17:43:24] [Render thread/INFO] (Minecraft) Preparing spawn area: 74%
[17:43:24] [Render thread/INFO] (Minecraft) Preparing spawn area: 79%
[17:43:25] [Render thread/INFO] (Minecraft) Preparing spawn area: 81%
[17:43:25] [Render thread/INFO] (Minecraft) Preparing spawn area: 83%
[17:43:26] [Render thread/INFO] (Minecraft) Preparing spawn area: 84%
[17:43:26] [Render thread/INFO] (Minecraft) Preparing spawn area: 86%
[17:43:27] [Render thread/INFO] (Minecraft) Preparing spawn area: 89%
[17:43:27] [Render thread/INFO] (Minecraft) Preparing spawn area: 90%
[17:43:28] [Render thread/INFO] (Minecraft) Preparing spawn area: 94%
[17:43:28] [Render thread/INFO] (Minecraft) Preparing spawn area: 98%
[17:43:28] [Render thread/INFO] (Minecraft) Time elapsed: 27688 ms
[17:43:29] [Server thread/INFO] (Minecraft) Changing view distance to 12, from 10
[17:43:29] [Server thread/INFO] (Minecraft) Changing simulation distance to 12, from 0
[17:43:30] [Server thread/INFO] (Minecraft) Player113[local:E:15d536a9] logged in with entity id 152 at (-7.5, 76.0, 3.5)
[17:43:30] [Server thread/INFO] (Minecraft) Player113 joined the game
[17:43:31] [Render thread/INFO] (Minecraft) Loaded 2 advancements
[17:43:32] [Server thread/INFO] (Minecraft) Saving and pausing game...
[17:43:32] [Server thread/INFO] (Minecraft) Saving chunks for level 'ServerLevel[New World]'/minecraft:overworld
[17:43:34] [Server thread/INFO] (Minecraft) Saving chunks for level 'ServerLevel[New World]'/minecraft:the_end
[17:43:34] [Server thread/INFO] (Minecraft) Saving chunks for level 'ServerLevel[New World]'/minecraft:the_nether
[17:55:28] [Server thread/INFO] (Minecraft) Locating element minecraft:village_plains took 3312 ms
[17:55:28] [Server thread/WARN] (Minecraft) Can't keep up! Is the server overloaded? Running 3294ms or 65 ticks behind
[17:55:28] [Render thread/INFO] (Minecraft) [System] [CHAT] The nearest minecraft:village_plains is at [304, ~, 736] (775 blocks away)
[17:55:31] [Server thread/INFO] (Minecraft) [Player113: Teleported Player113 to 304.500000, 93.157601, 736.500000]
[17:55:31] [Render thread/INFO] (Minecraft) [System] [CHAT] Teleported Player113 to 304.500000, 93.157601, 736.500000
[17:55:56] [Render thread/INFO] (Minecraft) [System] [CHAT] Activated Waystone: Zorkcreszur
[17:56:15] [Server thread/INFO] (Minecraft) Locating element minecraft:village_desert took 2891 ms
[17:56:15] [Server thread/WARN] (Minecraft) Can't keep up! Is the server overloaded? Running 2892ms or 57 ticks behind
[17:56:15] [Render thread/INFO] (Minecraft) [System] [CHAT] The nearest minecraft:village_desert is at [-2464, ~, -1872] (3710 blocks away)
[17:56:17] [Server thread/INFO] (Minecraft) [Player113: Teleported Player113 to -2463.500000, 102.180636, -1871.500000]
[17:56:17] [Render thread/INFO] (Minecraft) [System] [CHAT] Teleported Player113 to -2463.500000, 102.180636, -1871.500000
[17:56:32] [Server thread/INFO] (Minecraft) Villager VillagerEntity['Nitwit'/2316, l='ServerLevel[New World]', x=-2456.37, y=67.00, z=-1886.72] died, message: 'Nitwit suffocated in a wall'
[17:56:32] [Render thread/INFO] (Minecraft) Villager VillagerEntity['Nitwit'/2316, l='ClientLevel', x=-2456.37, y=67.00, z=-1886.72] died, message: 'Nitwit died'
[17:56:35] [Render thread/INFO] (Minecraft) [System] [CHAT] Activated Waystone: Camurer
[17:56:41] [Server thread/INFO] (Minecraft) [Player113: Teleported Player113 to 304.500000, 68.490952, 736.500000]
[17:56:41] [Render thread/INFO] (Minecraft) [System] [CHAT] Teleported Player113 to 304.500000, 68.490952, 736.500000
[17:57:52] [Server thread/INFO] (Minecraft) Saving and pausing game...
[17:57:52] [Server thread/INFO] (Minecraft) Saving chunks for level 'ServerLevel[New World]'/minecraft:overworld
[17:57:52] [Server thread/INFO] (Minecraft) Saving chunks for level 'ServerLevel[New World]'/minecraft:the_end
[17:57:52] [Server thread/INFO] (Minecraft) Saving chunks for level 'ServerLevel[New World]'/minecraft:the_nether
[18:10:07] [Server thread/INFO] (Minecraft) Saving and pausing game...
[18:10:07] [Server thread/INFO] (Minecraft) Saving chunks for level 'ServerLevel[New World]'/minecraft:overworld
[18:10:07] [Server thread/INFO] (Minecraft) Saving chunks for level 'ServerLevel[New World]'/minecraft:the_end
[18:10:07] [Server thread/INFO] (Minecraft) Saving chunks for level 'ServerLevel[New World]'/minecraft:the_nether
[18:22:52] [Server thread/INFO] (Minecraft) Player113 was killed
[18:22:52] [Server thread/INFO] (Minecraft) [Player113: Killed Player113]
[18:22:52] [Render thread/INFO] (Minecraft) [System] [CHAT] Player113 was killed
[18:22:52] [Render thread/INFO] (Minecraft) [System] [CHAT] Killed Player113
[18:23:19] [Server thread/INFO] (Minecraft) Saving and pausing game...
[18:23:19] [Server thread/INFO] (Minecraft) Saving chunks for level 'ServerLevel[New World]'/minecraft:overworld
[18:23:19] [Server thread/INFO] (Minecraft) Saving chunks for level 'ServerLevel[New World]'/minecraft:the_end
[18:23:19] [Server thread/INFO] (Minecraft) Saving chunks for level 'ServerLevel[New World]'/minecraft:the_nether
